2016-04-21T10:13:19 - ERROR:  QA not found in sncrbda-qa.conf
2016-06-21T22:03:10 - Provisioning AWS environment... dev from sncrbda-dev.conf
2016-06-21T22:03:11 - Availability Zones: us-east-1a us-east-1b us-east-1d us-east-1e
2016-06-21T22:03:11 - Account AZ1=us-east-1a AZ2=us-east-1b
2016-06-21T22:03:11 - Environment: DEV
2016-06-21T22:03:11 - AWS Profile: sncr-bda
2016-06-21T22:03:11 - Stacks to run:
2016-06-21T22:03:11 - Completed provisioning AWS
2016-06-21T22:15:30 - Provisioning AWS environment... dev from sncrbda-dev.conf
2016-06-21T22:15:31 - Availability Zones: us-east-1a us-east-1b us-east-1d us-east-1e
2016-06-21T22:15:31 - Account AZ1=us-east-1a AZ2=us-east-1b
2016-06-21T22:15:31 - Environment: DEV
2016-06-21T22:15:31 - AWS Profile: sncr-bda
2016-06-21T22:15:31 - Stacks to run:
2016-06-21T22:15:31 - Completed provisioning AWS
2016-06-22T06:59:11 - Provisioning AWS environment... dev from sncrbda-dev.conf
2016-06-22T06:59:12 - Availability Zones: us-east-1a us-east-1b us-east-1d us-east-1e
2016-06-22T06:59:12 - Account AZ1=us-east-1a AZ2=us-east-1b
2016-06-22T06:59:12 - Environment: DEV
2016-06-22T06:59:12 - AWS Profile: sncr-bda
2016-06-22T06:59:12 - Stacks to run:
2016-06-22T06:59:12 - Completed provisioning AWS
2017-03-09T15:33:50 - Provisioning AWS environment... prod from sncrbda-mct-prod.conf
2017-03-09T15:33:52 - Availability Zones: us-east-1a us-east-1b us-east-1c us-east-1d us-east-1e
2017-03-09T15:33:52 - Account AZ1=us-east-1a AZ2=us-east-1b
2017-03-09T15:33:52 - Environment: PROD
2017-03-09T15:33:52 - AWS Profile: sncr-bda-prod
2017-03-09T15:33:52 - Stacks to run:
2017-03-09T15:33:52 - Completed provisioning AWS
2017-03-15T14:32:35 - Provisioning AWS environment... prod from sncrbda-mct-prod.conf
2017-03-15T14:32:36 - Availability Zones: us-east-1a us-east-1b us-east-1c us-east-1d us-east-1e
2017-03-15T14:32:36 - Account AZ1=us-east-1a AZ2=us-east-1b
2017-03-15T14:32:36 - Environment: PROD
2017-03-15T14:32:36 - AWS Profile: sncr-bda-prod
2017-03-15T14:32:37 - Stacks to run:
2017-03-15T14:32:37 - Completed provisioning AWS
2017-05-10T12:00:28 - Provisioning AWS environment... qa from sncrbda-qa.conf
2017-05-10T12:00:28 - ERROR:  AWS_PROFILE missing or empty
2017-05-10T12:00:56 - Provisioning AWS environment... qa from sncrbda-qa.conf
2017-05-10T12:00:57 - Availability Zones: us-east-1a us-east-1b us-east-1c us-east-1d us-east-1e
2017-05-10T12:00:57 - Account AZ1=us-east-1a AZ2=us-east-1b
2017-05-10T12:00:57 - Environment: QA
2017-05-10T12:00:57 - AWS Profile: sncr-bda
2017-05-10T12:00:57 - Stacks to run:
2017-05-10T12:00:57 - Completed provisioning AWS
